<?xml version="1.0" encoding="UTF-8"?>
<!-- Generated by org.testng.reporters.JUnitReportReporter -->
<testsuite skipped="0" hostname="UC6H2QDK3IYL2FZ" name="BaiduTestCase.HomePageTestCase" tests="1" failures="0" timestamp="10 五月 2018 09:13:39 GMT" time="4.448" errors="0">
  <testcase name="testHomePage" time="4.448" classname="BaiduTestCase.HomePageTestCase"/>
</testsuite> <!-- BaiduTestCase.HomePageTestCase -->
